mode: set
simple_bank/db/sqlc/account.sql.go:24.104,35.2 4 1
simple_bank/db/sqlc/account.sql.go:53.96,64.2 4 1
simple_bank/db/sqlc/account.sql.go:71.70,74.2 2 1
simple_bank/db/sqlc/account.sql.go:81.78,92.2 4 0
simple_bank/db/sqlc/account.sql.go:100.87,111.2 4 1
simple_bank/db/sqlc/account.sql.go:127.94,129.16 2 1
simple_bank/db/sqlc/account.sql.go:129.16,131.3 1 0
simple_bank/db/sqlc/account.sql.go:132.2,134.18 3 1
simple_bank/db/sqlc/account.sql.go:134.18,142.17 2 1
simple_bank/db/sqlc/account.sql.go:142.17,144.4 1 0
simple_bank/db/sqlc/account.sql.go:145.3,145.27 1 1
simple_bank/db/sqlc/account.sql.go:147.2,147.37 1 1
simple_bank/db/sqlc/account.sql.go:147.37,149.3 1 0
simple_bank/db/sqlc/account.sql.go:150.2,150.35 1 1
simple_bank/db/sqlc/account.sql.go:150.35,152.3 1 0
simple_bank/db/sqlc/account.sql.go:153.2,153.19 1 1
simple_bank/db/sqlc/account.sql.go:168.96,179.2 4 1
simple_bank/db/sqlc/db.go:19.28,21.2 1 1
simple_bank/db/sqlc/db.go:27.47,31.2 1 0
simple_bank/db/sqlc/entries.sql.go:26.90,36.2 4 1
simple_bank/db/sqlc/entries.sql.go:43.74,53.2 4 1
simple_bank/db/sqlc/entries.sql.go:69.92,71.16 2 0
simple_bank/db/sqlc/entries.sql.go:71.16,73.3 1 0
simple_bank/db/sqlc/entries.sql.go:74.2,76.18 3 0
simple_bank/db/sqlc/entries.sql.go:76.18,83.17 2 0
simple_bank/db/sqlc/entries.sql.go:83.17,85.4 1 0
simple_bank/db/sqlc/entries.sql.go:86.3,86.27 1 0
simple_bank/db/sqlc/entries.sql.go:88.2,88.37 1 0
simple_bank/db/sqlc/entries.sql.go:88.37,90.3 1 0
simple_bank/db/sqlc/entries.sql.go:91.2,91.35 1 0
simple_bank/db/sqlc/entries.sql.go:91.35,93.3 1 0
simple_bank/db/sqlc/entries.sql.go:94.2,94.19 1 0
simple_bank/db/sqlc/store.go:14.34,19.2 1 1
simple_bank/db/sqlc/store.go:21.84,23.16 2 1
simple_bank/db/sqlc/store.go:23.16,25.3 1 0
simple_bank/db/sqlc/store.go:27.2,29.16 3 1
simple_bank/db/sqlc/store.go:29.16,30.43 1 0
simple_bank/db/sqlc/store.go:30.43,32.4 1 0
simple_bank/db/sqlc/store.go:33.3,33.13 1 0
simple_bank/db/sqlc/store.go:35.2,35.20 1 1
simple_bank/db/sqlc/store.go:52.100,55.50 2 1
simple_bank/db/sqlc/store.go:55.50,63.17 3 1
simple_bank/db/sqlc/store.go:63.17,65.4 1 0
simple_bank/db/sqlc/store.go:67.3,71.17 2 1
simple_bank/db/sqlc/store.go:71.17,73.4 1 0
simple_bank/db/sqlc/store.go:75.3,79.17 2 1
simple_bank/db/sqlc/store.go:79.17,81.4 1 0
simple_bank/db/sqlc/store.go:86.3,86.42 1 1
simple_bank/db/sqlc/store.go:86.42,88.4 1 1
simple_bank/db/sqlc/store.go:88.9,90.4 1 0
simple_bank/db/sqlc/store.go:92.3,92.13 1 1
simple_bank/db/sqlc/store.go:95.2,95.20 1 1
simple_bank/db/sqlc/store.go:105.51,110.16 2 1
simple_bank/db/sqlc/store.go:110.16,112.3 1 0
simple_bank/db/sqlc/store.go:114.2,118.8 2 1
simple_bank/db/sqlc/transfers.sql.go:28.99,39.2 4 1
simple_bank/db/sqlc/transfers.sql.go:46.80,57.2 4 0
simple_bank/db/sqlc/transfers.sql.go:76.99,83.16 2 0
simple_bank/db/sqlc/transfers.sql.go:83.16,85.3 1 0
simple_bank/db/sqlc/transfers.sql.go:86.2,88.18 3 0
simple_bank/db/sqlc/transfers.sql.go:88.18,96.17 2 0
simple_bank/db/sqlc/transfers.sql.go:96.17,98.4 1 0
simple_bank/db/sqlc/transfers.sql.go:99.3,99.27 1 0
simple_bank/db/sqlc/transfers.sql.go:101.2,101.37 1 0
simple_bank/db/sqlc/transfers.sql.go:101.37,103.3 1 0
simple_bank/db/sqlc/transfers.sql.go:104.2,104.35 1 0
simple_bank/db/sqlc/transfers.sql.go:104.35,106.3 1 0
simple_bank/db/sqlc/transfers.sql.go:107.2,107.19 1 0
